<?xml version="1.0" encoding="UTF-8"?>
<!-- Generated by org.testng.reporters.JUnitXMLReporter -->
<testsuite ignored="0" hostname="Ariels-MacBook-Pro.local" failures="1" tests="2" name="User API tests" time="2.652" errors="0" timestamp="2024-08-09T20:58:34 ART">
  <testcase classname="com.solvd.carina.demo.APITests" name="testGetEmployees" time="2.243"/>
  <testcase classname="com.solvd.carina.demo.APITests" name="testGetEmployee" time="2.601">
    <failure type="java.lang.AssertionError" message="2 expectations failed.
Expected status code &amp;lt;200&amp;gt; but was &amp;lt;429&amp;gt;.

Expected status line a string containing &amp;quot;OK&amp;quot; doesn&amp;apos;t match actual status line &amp;quot;HTTP/1.1 429 Too Many Requests&amp;quot;.
">
      <![CDATA[java.lang.AssertionError: 2 expectations failed.
Expected status code <200> but was <429>.

Expected status line a string containing "OK" doesn't match actual status line "HTTP/1.1 429 Too Many Requests".

at org.codehaus.groovy.runtime.callsite.ConstructorSite$ConstructorSiteNoUnwrapNoCoerce.callConstructor(ConstructorSite.java:105)
at org.codehaus.groovy.runtime.callsite.CallSiteArray.defaultCallConstructor(CallSiteArray.java:59)
at org.codehaus.groovy.runtime.callsite.AbstractCallSite.callConstructor(AbstractCallSite.java:263)
at org.codehaus.groovy.runtime.callsite.AbstractCallSite.callConstructor(AbstractCallSite.java:277)
at io.restassured.internal.ResponseSpecificationImpl$HamcrestAssertionClosure.validate(ResponseSpecificationImpl.groovy:493)
at io.restassured.internal.ResponseSpecificationImpl$HamcrestAssertionClosure$validate$3.call(Unknown Source)
at io.restassured.internal.RequestSpecificationImpl.applyPathParamsAndSendRequest(RequestSpecificationImpl.groovy:1656)
at groovy.lang.MetaMethod.doMethodInvoke(MetaMethod.java:323)
at groovy.lang.MetaClassImpl.invokeMethod(MetaClassImpl.java:1262)
at groovy.lang.MetaClassImpl.invokeMethod(MetaClassImpl.java:1029)
at groovy.lang.MetaClassImpl.invokeMethod(MetaClassImpl.java:816)
at groovy.lang.GroovyObject.invokeMethod(GroovyObject.java:39)
at org.codehaus.groovy.runtime.callsite.PogoInterceptableSite.call(PogoInterceptableSite.java:45)
at org.codehaus.groovy.runtime.callsite.PogoInterceptableSite.callCurrent(PogoInterceptableSite.java:55)
at org.codehaus.groovy.runtime.callsite.CallSiteArray.defaultCallCurrent(CallSiteArray.java:51)
at org.codehaus.groovy.runtime.callsite.AbstractCallSite.callCurrent(AbstractCallSite.java:171)
at org.codehaus.groovy.runtime.callsite.AbstractCallSite.callCurrent(AbstractCallSite.java:203)
at io.restassured.internal.RequestSpecificationImpl.applyPathParamsAndSendRequest(RequestSpecificationImpl.groovy:1661)
at groovy.lang.MetaMethod.doMethodInvoke(MetaMethod.java:323)
at groovy.lang.MetaClassImpl.invokeMethod(MetaClassImpl.java:1262)
at groovy.lang.MetaClassImpl.invokeMethod(MetaClassImpl.java:1029)
at groovy.lang.MetaClassImpl.invokeMethod(MetaClassImpl.java:816)
at groovy.lang.GroovyObject.invokeMethod(GroovyObject.java:39)
at org.codehaus.groovy.runtime.callsite.PogoInterceptableSite.call(PogoInterceptableSite.java:45)
at org.codehaus.groovy.runtime.callsite.PogoInterceptableSite.callCurrent(PogoInterceptableSite.java:55)
at org.codehaus.groovy.runtime.callsite.AbstractCallSite.callCurrent(AbstractCallSite.java:203)
at org.codehaus.groovy.runtime.callsite.AbstractCallSite.callCurrent(AbstractCallSite.java:201)
at io.restassured.internal.RequestSpecificationImpl.get(RequestSpecificationImpl.groovy:171)
at io.restassured.internal.RequestSpecificationImpl.get(RequestSpecificationImpl.groovy)
at com.zebrunner.carina.api.http.HttpClient.send(HttpClient.java:37)
at com.zebrunner.carina.api.AbstractApiMethod.callAPI(AbstractApiMethod.java:301)
at com.zebrunner.carina.api.AbstractApiMethodV2.callAPI(AbstractApiMethodV2.java:189)
at com.zebrunner.carina.api.AbstractApiMethod.callAPI(AbstractApiMethod.java:279)
at com.zebrunner.carina.api.AbstractApiMethodV2.callAPI(AbstractApiMethodV2.java:181)
at com.zebrunner.carina.api.AbstractApiMethodV2.callAPIExpectSuccess(AbstractApiMethodV2.java:215)
at com.solvd.carina.demo.APITests.testGetEmployee(APITests.java:40)
at java.base/java.util.concurrent.ThreadPoolExecutor.runWorker(ThreadPoolExecutor.java:1144)
at java.base/java.util.concurrent.ThreadPoolExecutor$Worker.run(ThreadPoolExecutor.java:642)
at java.base/java.lang.Thread.run(Thread.java:1570)
... Removed 20 stack frames]]>
    </failure>
  </testcase> <!-- testGetEmployee -->
</testsuite> <!-- User API tests -->
