<?xml version="1.0" encoding="UTF-8"?>
<testng-results ignored="0" total="2" passed="1" failed="1" skipped="0">
  <reporter-output>
    <line>
      <![CDATA[TEST [User API tests - testGetEmployee] FAILED at [20:58:34 2024-08-09] - 2 expectations failed.
Expected status code <200> but was <429>.

Expected status line a string containing "OK" doesn't match actual status line "HTTP/1.1 429 Too Many Requests".


java.base/jdk.internal.reflect.DirectConstructorHandleAccessor.newInstance(DirectConstructorHandleAccessor.java:62)
java.base/java.lang.reflect.Constructor.newInstanceWithCaller(Constructor.java:502)
java.base/java.lang.reflect.Constructor.newInstance(Constructor.java:486)
org.codehaus.groovy.reflection.CachedConstructor.invoke(CachedConstructor.java:72)
org.codehaus.groovy.runtime.callsite.ConstructorSite$ConstructorSiteNoUnwrapNoCoerce.callConstructor(ConstructorSite.java:105)
org.codehaus.groovy.runtime.callsite.CallSiteArray.defaultCallConstructor(CallSiteArray.java:59)
org.codehaus.groovy.runtime.callsite.AbstractCallSite.callConstructor(AbstractCallSite.java:263)
org.codehaus.groovy.runtime.callsite.AbstractCallSite.callConstructor(AbstractCallSite.java:277)
io.restassured.internal.ResponseSpecificationImpl$HamcrestAssertionClosure.validate(ResponseSpecificationImpl.groovy:493)
io.restassured.internal.ResponseSpecificationImpl$HamcrestAssertionClosure$validate$3.call(Unknown Source)
io.restassured.internal.RequestSpecificationImpl.applyPathParamsAndSendRequest(RequestSpecificationImpl.groovy:1656)
java.base/jdk.internal.reflect.DirectMethodHandleAccessor.invoke(DirectMethodHandleAccessor.java:103)
java.base/java.lang.reflect.Method.invoke(Method.java:580)
org.codehaus.groovy.reflection.CachedMethod.invoke(CachedMethod.java:107)
groovy.lang.MetaMethod.doMethodInvoke(MetaMethod.java:323)
groovy.lang.MetaClassImpl.invokeMethod(MetaClassImpl.java:1262)
groovy.lang.MetaClassImpl.invokeMethod(MetaClassImpl.java:1029)
groovy.lang.MetaClassImpl.invokeMethod(MetaClassImpl.java:816)
groovy.lang.GroovyObject.invokeMethod(GroovyObject.java:39)
org.codehaus.groovy.runtime.callsite.PogoInterceptableSite.call(PogoInterceptableSite.java:45)
org.codehaus.groovy.runtime.callsite.PogoInterceptableSite.callCurrent(PogoInterceptableSite.java:55)
org.codehaus.groovy.runtime.callsite.CallSiteArray.defaultCallCurrent(CallSiteArray.java:51)
org.codehaus.groovy.runtime.callsite.AbstractCallSite.callCurrent(AbstractCallSite.java:171)
org.codehaus.groovy.runtime.callsite.AbstractCallSite.callCurrent(AbstractCallSite.java:203)
io.restassured.internal.RequestSpecificationImpl.applyPathParamsAndSendRequest(RequestSpecificationImpl.groovy:1661)
java.base/jdk.internal.reflect.DirectMethodHandleAccessor.invoke(DirectMethodHandleAccessor.java:103)
java.base/java.lang.reflect.Method.invoke(Method.java:580)
org.codehaus.groovy.reflection.CachedMethod.invoke(CachedMethod.java:107)
groovy.lang.MetaMethod.doMethodInvoke(MetaMethod.java:323)
groovy.lang.MetaClassImpl.invokeMethod(MetaClassImpl.java:1262)
groovy.lang.MetaClassImpl.invokeMethod(MetaClassImpl.java:1029)
groovy.lang.MetaClassImpl.invokeMethod(MetaClassImpl.java:816)
groovy.lang.GroovyObject.invokeMethod(GroovyObject.java:39)
org.codehaus.groovy.runtime.callsite.PogoInterceptableSite.call(PogoInterceptableSite.java:45)
org.codehaus.groovy.runtime.callsite.PogoInterceptableSite.callCurrent(PogoInterceptableSite.java:55)
org.codehaus.groovy.runtime.callsite.AbstractCallSite.callCurrent(AbstractCallSite.java:203)
org.codehaus.groovy.runtime.callsite.AbstractCallSite.callCurrent(AbstractCallSite.java:201)
io.restassured.internal.RequestSpecificationImpl.get(RequestSpecificationImpl.groovy:171)
io.restassured.internal.RequestSpecificationImpl.get(RequestSpecificationImpl.groovy)
com.zebrunner.carina.api.http.HttpClient.send(HttpClient.java:37)
com.zebrunner.carina.api.AbstractApiMethod.callAPI(AbstractApiMethod.java:301)
com.zebrunner.carina.api.AbstractApiMethodV2.callAPI(AbstractApiMethodV2.java:189)
com.zebrunner.carina.api.AbstractApiMethod.callAPI(AbstractApiMethod.java:279)
com.zebrunner.carina.api.AbstractApiMethodV2.callAPI(AbstractApiMethodV2.java:181)
com.zebrunner.carina.api.AbstractApiMethodV2.callAPIExpectSuccess(AbstractApiMethodV2.java:215)
com.solvd.carina.demo.APITests.testGetEmployee(APITests.java:40)
java.base/jdk.internal.reflect.DirectMethodHandleAccessor.invoke(DirectMethodHandleAccessor.java:103)
java.base/java.lang.reflect.Method.invoke(Method.java:580)
org.testng.internal.invokers.MethodInvocationHelper.invokeMethod(MethodInvocationHelper.java:139)
org.testng.internal.invokers.TestInvoker.invokeMethod(TestInvoker.java:677)
org.testng.internal.invokers.TestInvoker.invokeTestMethod(TestInvoker.java:221)
org.testng.internal.invokers.MethodRunner.runInSequence(MethodRunner.java:50)
org.testng.internal.invokers.TestInvoker$MethodInvocationAgent.invoke(TestInvoker.java:969)
org.testng.internal.invokers.TestInvoker.invokeTestMethods(TestInvoker.java:194)
org.testng.internal.invokers.TestMethodWorker.invokeTestMethods(TestMethodWorker.java:148)
org.testng.internal.invokers.TestMethodWorker.run(TestMethodWorker.java:128)
java.base/java.util.concurrent.ThreadPoolExecutor.runWorker(ThreadPoolExecutor.java:1144)
java.base/java.util.concurrent.ThreadPoolExecutor$Worker.run(ThreadPoolExecutor.java:642)
java.base/java.lang.Thread.run(Thread.java:1570)]]>
    </line>
  </reporter-output>
  <suite started-at="2024-08-09T20:58:31 ART" name="Carina Demo Tests - API Sample" finished-at="2024-08-09T20:58:34 ART" duration-ms="2652">
    <groups>
    </groups>
    <test started-at="2024-08-09T20:58:31 ART" name="User API tests" finished-at="2024-08-09T20:58:34 ART" duration-ms="2652">
      <class name="com.solvd.carina.demo.APITests">
        <test-method signature="testGetEmployees()[pri:0, instance:com.solvd.carina.demo.APITests@4f7bc9a3]" started-at="2024-08-09T20:58:31 ART" name="testGetEmployees" finished-at="2024-08-09T20:58:33 ART" duration-ms="2243" status="PASS">
          <reporter-output>
          </reporter-output>
        </test-method> <!-- testGetEmployees -->
        <test-method signature="testGetEmployee()[pri:0, instance:com.solvd.carina.demo.APITests@4f7bc9a3]" started-at="2024-08-09T20:58:31 ART" name="testGetEmployee" finished-at="2024-08-09T20:58:34 ART" duration-ms="2601" status="FAIL">
          <exception class="java.lang.AssertionError">
            <message>
              <![CDATA[2 expectations failed.
Expected status code <200> but was <429>.

Expected status line a string containing "OK" doesn't match actual status line "HTTP/1.1 429 Too Many Requests".
]]>
            </message>
            <full-stacktrace>
              <![CDATA[java.lang.AssertionError: 2 expectations failed.
Expected status code <200> but was <429>.

Expected status line a string containing "OK" doesn't match actual status line "HTTP/1.1 429 Too Many Requests".

at java.base/jdk.internal.reflect.DirectConstructorHandleAccessor.newInstance(DirectConstructorHandleAccessor.java:62)
at java.base/java.lang.reflect.Constructor.newInstanceWithCaller(Constructor.java:502)
at java.base/java.lang.reflect.Constructor.newInstance(Constructor.java:486)
at org.codehaus.groovy.reflection.CachedConstructor.invoke(CachedConstructor.java:72)
at org.codehaus.groovy.runtime.callsite.ConstructorSite$ConstructorSiteNoUnwrapNoCoerce.callConstructor(ConstructorSite.java:105)
at org.codehaus.groovy.runtime.callsite.CallSiteArray.defaultCallConstructor(CallSiteArray.java:59)
at org.codehaus.groovy.runtime.callsite.AbstractCallSite.callConstructor(AbstractCallSite.java:263)
at org.codehaus.groovy.runtime.callsite.AbstractCallSite.callConstructor(AbstractCallSite.java:277)
at io.restassured.internal.ResponseSpecificationImpl$HamcrestAssertionClosure.validate(ResponseSpecificationImpl.groovy:493)
at io.restassured.internal.ResponseSpecificationImpl$HamcrestAssertionClosure$validate$3.call(Unknown Source)
at io.restassured.internal.RequestSpecificationImpl.applyPathParamsAndSendRequest(RequestSpecificationImpl.groovy:1656)
at java.base/jdk.internal.reflect.DirectMethodHandleAccessor.invoke(DirectMethodHandleAccessor.java:103)
at java.base/java.lang.reflect.Method.invoke(Method.java:580)
at org.codehaus.groovy.reflection.CachedMethod.invoke(CachedMethod.java:107)
at groovy.lang.MetaMethod.doMethodInvoke(MetaMethod.java:323)
at groovy.lang.MetaClassImpl.invokeMethod(MetaClassImpl.java:1262)
at groovy.lang.MetaClassImpl.invokeMethod(MetaClassImpl.java:1029)
at groovy.lang.MetaClassImpl.invokeMethod(MetaClassImpl.java:816)
at groovy.lang.GroovyObject.invokeMethod(GroovyObject.java:39)
at org.codehaus.groovy.runtime.callsite.PogoInterceptableSite.call(PogoInterceptableSite.java:45)
at org.codehaus.groovy.runtime.callsite.PogoInterceptableSite.callCurrent(PogoInterceptableSite.java:55)
at org.codehaus.groovy.runtime.callsite.CallSiteArray.defaultCallCurrent(CallSiteArray.java:51)
at org.codehaus.groovy.runtime.callsite.AbstractCallSite.callCurrent(AbstractCallSite.java:171)
at org.codehaus.groovy.runtime.callsite.AbstractCallSite.callCurrent(AbstractCallSite.java:203)
at io.restassured.internal.RequestSpecificationImpl.applyPathParamsAndSendRequest(RequestSpecificationImpl.groovy:1661)
at java.base/jdk.internal.reflect.DirectMethodHandleAccessor.invoke(DirectMethodHandleAccessor.java:103)
at java.base/java.lang.reflect.Method.invoke(Method.java:580)
at org.codehaus.groovy.reflection.CachedMethod.invoke(CachedMethod.java:107)
at groovy.lang.MetaMethod.doMethodInvoke(MetaMethod.java:323)
at groovy.lang.MetaClassImpl.invokeMethod(MetaClassImpl.java:1262)
at groovy.lang.MetaClassImpl.invokeMethod(MetaClassImpl.java:1029)
at groovy.lang.MetaClassImpl.invokeMethod(MetaClassImpl.java:816)
at groovy.lang.GroovyObject.invokeMethod(GroovyObject.java:39)
at org.codehaus.groovy.runtime.callsite.PogoInterceptableSite.call(PogoInterceptableSite.java:45)
at org.codehaus.groovy.runtime.callsite.PogoInterceptableSite.callCurrent(PogoInterceptableSite.java:55)
at org.codehaus.groovy.runtime.callsite.AbstractCallSite.callCurrent(AbstractCallSite.java:203)
at org.codehaus.groovy.runtime.callsite.AbstractCallSite.callCurrent(AbstractCallSite.java:201)
at io.restassured.internal.RequestSpecificationImpl.get(RequestSpecificationImpl.groovy:171)
at io.restassured.internal.RequestSpecificationImpl.get(RequestSpecificationImpl.groovy)
at com.zebrunner.carina.api.http.HttpClient.send(HttpClient.java:37)
at com.zebrunner.carina.api.AbstractApiMethod.callAPI(AbstractApiMethod.java:301)
at com.zebrunner.carina.api.AbstractApiMethodV2.callAPI(AbstractApiMethodV2.java:189)
at com.zebrunner.carina.api.AbstractApiMethod.callAPI(AbstractApiMethod.java:279)
at com.zebrunner.carina.api.AbstractApiMethodV2.callAPI(AbstractApiMethodV2.java:181)
at com.zebrunner.carina.api.AbstractApiMethodV2.callAPIExpectSuccess(AbstractApiMethodV2.java:215)
at com.solvd.carina.demo.APITests.testGetEmployee(APITests.java:40)
at java.base/jdk.internal.reflect.DirectMethodHandleAccessor.invoke(DirectMethodHandleAccessor.java:103)
at java.base/java.lang.reflect.Method.invoke(Method.java:580)
at org.testng.internal.invokers.MethodInvocationHelper.invokeMethod(MethodInvocationHelper.java:139)
at org.testng.internal.invokers.TestInvoker.invokeMethod(TestInvoker.java:677)
at org.testng.internal.invokers.TestInvoker.invokeTestMethod(TestInvoker.java:221)
at org.testng.internal.invokers.MethodRunner.runInSequence(MethodRunner.java:50)
at org.testng.internal.invokers.TestInvoker$MethodInvocationAgent.invoke(TestInvoker.java:969)
at org.testng.internal.invokers.TestInvoker.invokeTestMethods(TestInvoker.java:194)
at org.testng.internal.invokers.TestMethodWorker.invokeTestMethods(TestMethodWorker.java:148)
at org.testng.internal.invokers.TestMethodWorker.run(TestMethodWorker.java:128)
at java.base/java.util.concurrent.ThreadPoolExecutor.runWorker(ThreadPoolExecutor.java:1144)
at java.base/java.util.concurrent.ThreadPoolExecutor$Worker.run(ThreadPoolExecutor.java:642)
at java.base/java.lang.Thread.run(Thread.java:1570)
]]>
            </full-stacktrace>
          </exception> <!-- java.lang.AssertionError -->
          <reporter-output>
            <line>
              <![CDATA[TEST [User API tests - testGetEmployee] FAILED at [20:58:34 2024-08-09] - 2 expectations failed.
Expected status code <200> but was <429>.

Expected status line a string containing "OK" doesn't match actual status line "HTTP/1.1 429 Too Many Requests".


java.base/jdk.internal.reflect.DirectConstructorHandleAccessor.newInstance(DirectConstructorHandleAccessor.java:62)
java.base/java.lang.reflect.Constructor.newInstanceWithCaller(Constructor.java:502)
java.base/java.lang.reflect.Constructor.newInstance(Constructor.java:486)
org.codehaus.groovy.reflection.CachedConstructor.invoke(CachedConstructor.java:72)
org.codehaus.groovy.runtime.callsite.ConstructorSite$ConstructorSiteNoUnwrapNoCoerce.callConstructor(ConstructorSite.java:105)
org.codehaus.groovy.runtime.callsite.CallSiteArray.defaultCallConstructor(CallSiteArray.java:59)
org.codehaus.groovy.runtime.callsite.AbstractCallSite.callConstructor(AbstractCallSite.java:263)
org.codehaus.groovy.runtime.callsite.AbstractCallSite.callConstructor(AbstractCallSite.java:277)
io.restassured.internal.ResponseSpecificationImpl$HamcrestAssertionClosure.validate(ResponseSpecificationImpl.groovy:493)
io.restassured.internal.ResponseSpecificationImpl$HamcrestAssertionClosure$validate$3.call(Unknown Source)
io.restassured.internal.RequestSpecificationImpl.applyPathParamsAndSendRequest(RequestSpecificationImpl.groovy:1656)
java.base/jdk.internal.reflect.DirectMethodHandleAccessor.invoke(DirectMethodHandleAccessor.java:103)
java.base/java.lang.reflect.Method.invoke(Method.java:580)
org.codehaus.groovy.reflection.CachedMethod.invoke(CachedMethod.java:107)
groovy.lang.MetaMethod.doMethodInvoke(MetaMethod.java:323)
groovy.lang.MetaClassImpl.invokeMethod(MetaClassImpl.java:1262)
groovy.lang.MetaClassImpl.invokeMethod(MetaClassImpl.java:1029)
groovy.lang.MetaClassImpl.invokeMethod(MetaClassImpl.java:816)
groovy.lang.GroovyObject.invokeMethod(GroovyObject.java:39)
org.codehaus.groovy.runtime.callsite.PogoInterceptableSite.call(PogoInterceptableSite.java:45)
org.codehaus.groovy.runtime.callsite.PogoInterceptableSite.callCurrent(PogoInterceptableSite.java:55)
org.codehaus.groovy.runtime.callsite.CallSiteArray.defaultCallCurrent(CallSiteArray.java:51)
org.codehaus.groovy.runtime.callsite.AbstractCallSite.callCurrent(AbstractCallSite.java:171)
org.codehaus.groovy.runtime.callsite.AbstractCallSite.callCurrent(AbstractCallSite.java:203)
io.restassured.internal.RequestSpecificationImpl.applyPathParamsAndSendRequest(RequestSpecificationImpl.groovy:1661)
java.base/jdk.internal.reflect.DirectMethodHandleAccessor.invoke(DirectMethodHandleAccessor.java:103)
java.base/java.lang.reflect.Method.invoke(Method.java:580)
org.codehaus.groovy.reflection.CachedMethod.invoke(CachedMethod.java:107)
groovy.lang.MetaMethod.doMethodInvoke(MetaMethod.java:323)
groovy.lang.MetaClassImpl.invokeMethod(MetaClassImpl.java:1262)
groovy.lang.MetaClassImpl.invokeMethod(MetaClassImpl.java:1029)
groovy.lang.MetaClassImpl.invokeMethod(MetaClassImpl.java:816)
groovy.lang.GroovyObject.invokeMethod(GroovyObject.java:39)
org.codehaus.groovy.runtime.callsite.PogoInterceptableSite.call(PogoInterceptableSite.java:45)
org.codehaus.groovy.runtime.callsite.PogoInterceptableSite.callCurrent(PogoInterceptableSite.java:55)
org.codehaus.groovy.runtime.callsite.AbstractCallSite.callCurrent(AbstractCallSite.java:203)
org.codehaus.groovy.runtime.callsite.AbstractCallSite.callCurrent(AbstractCallSite.java:201)
io.restassured.internal.RequestSpecificationImpl.get(RequestSpecificationImpl.groovy:171)
io.restassured.internal.RequestSpecificationImpl.get(RequestSpecificationImpl.groovy)
com.zebrunner.carina.api.http.HttpClient.send(HttpClient.java:37)
com.zebrunner.carina.api.AbstractApiMethod.callAPI(AbstractApiMethod.java:301)
com.zebrunner.carina.api.AbstractApiMethodV2.callAPI(AbstractApiMethodV2.java:189)
com.zebrunner.carina.api.AbstractApiMethod.callAPI(AbstractApiMethod.java:279)
com.zebrunner.carina.api.AbstractApiMethodV2.callAPI(AbstractApiMethodV2.java:181)
com.zebrunner.carina.api.AbstractApiMethodV2.callAPIExpectSuccess(AbstractApiMethodV2.java:215)
com.solvd.carina.demo.APITests.testGetEmployee(APITests.java:40)
java.base/jdk.internal.reflect.DirectMethodHandleAccessor.invoke(DirectMethodHandleAccessor.java:103)
java.base/java.lang.reflect.Method.invoke(Method.java:580)
org.testng.internal.invokers.MethodInvocationHelper.invokeMethod(MethodInvocationHelper.java:139)
org.testng.internal.invokers.TestInvoker.invokeMethod(TestInvoker.java:677)
org.testng.internal.invokers.TestInvoker.invokeTestMethod(TestInvoker.java:221)
org.testng.internal.invokers.MethodRunner.runInSequence(MethodRunner.java:50)
org.testng.internal.invokers.TestInvoker$MethodInvocationAgent.invoke(TestInvoker.java:969)
org.testng.internal.invokers.TestInvoker.invokeTestMethods(TestInvoker.java:194)
org.testng.internal.invokers.TestMethodWorker.invokeTestMethods(TestMethodWorker.java:148)
org.testng.internal.invokers.TestMethodWorker.run(TestMethodWorker.java:128)
java.base/java.util.concurrent.ThreadPoolExecutor.runWorker(ThreadPoolExecutor.java:1144)
java.base/java.util.concurrent.ThreadPoolExecutor$Worker.run(ThreadPoolExecutor.java:642)
java.base/java.lang.Thread.run(Thread.java:1570)]]>
            </line>
          </reporter-output>
        </test-method> <!-- testGetEmployee -->
        <test-method is-config="true" signature="onCarinaAfterMethod()[pri:0, instance:com.solvd.carina.demo.APITests@4f7bc9a3]" started-at="2024-08-09T20:58:33 ART" name="onCarinaAfterMethod" finished-at="2024-08-09T20:58:33 ART" duration-ms="1" status="PASS">
          <reporter-output>
          </reporter-output>
        </test-method> <!-- onCarinaAfterMethod -->
        <test-method is-config="true" signature="onCarinaAfterMethod()[pri:0, instance:com.solvd.carina.demo.APITests@4f7bc9a3]" started-at="2024-08-09T20:58:34 ART" name="onCarinaAfterMethod" finished-at="2024-08-09T20:58:34 ART" duration-ms="0" status="PASS">
          <reporter-output>
          </reporter-output>
        </test-method> <!-- onCarinaAfterMethod -->
      </class> <!-- com.solvd.carina.demo.APITests -->
    </test> <!-- User API tests -->
  </suite> <!-- Carina Demo Tests - API Sample -->
</testng-results>
